<?xml version="1.0" encoding="UTF-8"?>
<testng-results skipped="0" failed="0" total="1" passed="1">
  <reporter-output>
  </reporter-output>
  <suite name="Default suite" duration-ms="8232" started-at="2020-10-31T08:45:45Z" finished-at="2020-10-31T08:45:53Z">
    <groups>
    </groups>
    <test name="Default test" duration-ms="8232" started-at="2020-10-31T08:45:45Z" finished-at="2020-10-31T08:45:53Z">
      <class name="logallure.PostUser">
        <test-method status="PASS" signature="setFilter()[pri:0, instance:logallure.PostUser@27b2faa6]" name="setFilter" is-config="true" duration-ms="54" started-at="2020-10-31T15:45:45Z" finished-at="2020-10-31T15:45:45Z">
          <reporter-output>
          </reporter-output>
        </test-method> <!-- setFilter -->
        <test-method status="PASS" signature="bodyTest()[pri:0, instance:logallure.PostUser@27b2faa6]" name="bodyTest" duration-ms="8084" started-at="2020-10-31T15:45:45Z" finished-at="2020-10-31T15:45:53Z">
          <reporter-output>
          </reporter-output>
        </test-method> <!-- bodyTest -->
      </class> <!-- logallure.PostUser -->
    </test> <!-- Default test -->
  </suite> <!-- Default suite -->
</testng-results>
